<?xml version="1.0" encoding="UTF-8"?>
<testsuite xmlns:xsi="http://www.w3.org/2001/XMLSchema-instance" xsi:noNamespaceSchemaLocation="https://maven.apache.org/surefire/maven-surefire-plugin/xsd/surefire-test-report.xsd" name="com.mobiquityinc.packer.DynamicSolvableTest" time="0.092" tests="4" errors="0" skipped="0" failures="0">
  <properties>
[...]
</properties>
  <testcase name="testRecursiveSolvable_input1" classname="com.mobiquityinc.packer.DynamicSolvableTest" time="0.063"/>
  <testcase name="testRecursiveSolvable_input2" classname="com.mobiquityinc.packer.DynamicSolvableTest" time="0.012"/>
  <testcase name="testRecursiveSolvable_input3" classname="com.mobiquityinc.packer.DynamicSolvableTest" time="0.002"/>
  <testcase name="testRecursiveSolvable_input4" classname="com.mobiquityinc.packer.DynamicSolvableTest" time="0.001"/>
</testsuite>